Running in Lattice mode


Starting:    /home/george/lscc/iCEcube2.2020.12/synpbase/linux_a_64/mbin/synbatch
Install:     /home/george/lscc/iCEcube2.2020.12/synpbase
Hostname:    george-laptop
Date:        Fri Jul 26 15:42:47 2024
Version:     L-2016.09L+ice40

Arguments:   -product synplify_pro -batch switch_and_leds_syn.prj
ProductType: synplify_pro





log file: "/home/george/Documents/nandland/switch_and_leds/switch_and_leds_Implmnt/switch_and_leds.srr"
Running: switch_and_leds_Implmnt in foreground

Running switch_and_leds_syn|switch_and_leds_Implmnt

Running: compile (Compile) on switch_and_leds_syn|switch_and_leds_Implmnt
# Fri Jul 26 15:42:47 2024

Running: compile_flow (Compile Process) on switch_and_leds_syn|switch_and_leds_Implmnt
# Fri Jul 26 15:42:47 2024

Running: compiler (Compile Input) on switch_and_leds_syn|switch_and_leds_Implmnt
# Fri Jul 26 15:42:47 2024
Copied /home/george/Documents/nandland/switch_and_leds/switch_and_leds_Implmnt/synwork/switch_and_leds_comp.srs to /home/george/Documents/nandland/switch_and_leds/switch_and_leds_Implmnt/switch_and_leds.srs

compiler completed
# Fri Jul 26 15:42:48 2024

Return Code: 0
Run Time:00h:00m:01s

Running: multi_srs_gen (Multi-srs Generator) on switch_and_leds_syn|switch_and_leds_Implmnt
# Fri Jul 26 15:42:48 2024

multi_srs_gen completed
# Fri Jul 26 15:42:48 2024

Return Code: 0
Run Time:00h:00m:00s
Copied /home/george/Documents/nandland/switch_and_leds/switch_and_leds_Implmnt/synwork/switch_and_leds_mult.srs to /home/george/Documents/nandland/switch_and_leds/switch_and_leds_Implmnt/switch_and_leds.srs
Complete: Compile Process on switch_and_leds_syn|switch_and_leds_Implmnt

Running: premap (Pre-mapping) on switch_and_leds_syn|switch_and_leds_Implmnt
# Fri Jul 26 15:42:48 2024

premap completed
# Fri Jul 26 15:42:48 2024

Return Code: 0
Run Time:00h:00m:00s
Complete: Compile on switch_and_leds_syn|switch_and_leds_Implmnt

Running: map (Map) on switch_and_leds_syn|switch_and_leds_Implmnt
# Fri Jul 26 15:42:48 2024
License granted for 4 parallel jobs

Running: fpga_mapper (Map & Optimize) on switch_and_leds_syn|switch_and_leds_Implmnt
# Fri Jul 26 15:42:48 2024
Copied /home/george/Documents/nandland/switch_and_leds/switch_and_leds_Implmnt/synwork/switch_and_leds_m.srm to /home/george/Documents/nandland/switch_and_leds/switch_and_leds_Implmnt/switch_and_leds.srm

fpga_mapper completed
# Fri Jul 26 15:42:49 2024

Return Code: 0
Run Time:00h:00m:01s
Complete: Map on switch_and_leds_syn|switch_and_leds_Implmnt
Complete: Logic Synthesis on switch_and_leds_syn|switch_and_leds_Implmnt

exit status=0

exit status=0

