* ******************************************************************************

* iCEcube Packer

* Version:            2020.12.27943

* Build Date:         Dec 10 2020 17:24:17

* File Generated:     Jul 26 2024 15:42:51

* Purpose:            General info of design implementation

* Copyright (C) 2006-2010 by Lattice Semiconductor Corp. All rights reserved.

* ******************************************************************************

Command Line: /home/george/lscc/iCEcube2.2020.12/sbt_backend/bin/linux/opt/packer  /home/george/lscc/iCEcube2.2020.12/sbt_backend/devices/ICE40P01.dev  /home/george/Documents/nandland/switch_and_leds/switch_and_leds_Implmnt/sbt/netlist/oadb-Switches_To_LEDs  --package  VQ100  --outdir  /home/george/Documents/nandland/switch_and_leds/switch_and_leds_Implmnt/sbt/outputs/packer  --translator  /home/george/lscc/iCEcube2.2020.12/sbt_backend/bin/sdc_translator.tcl  --src_sdc_file  /home/george/Documents/nandland/switch_and_leds/switch_and_leds_Implmnt/sbt/outputs/placer/Switches_To_LEDs_pl.sdc  --dst_sdc_file  /home/george/Documents/nandland/switch_and_leds/switch_and_leds_Implmnt/sbt/outputs/packer/Switches_To_LEDs_pk.sdc  --devicename  iCE40HX1K  

***** Device Info *****
Chip: iCE40HX1K
Package: VQ100
Size: 12 X 16

***** Design Utilization Info *****
Design: Switches_To_LEDs
Used Logic Cell: 0/1280
Used Logic Tile: 0/160
Used IO Cell:    8/112
Used Bram Cell For iCE40: 0/16
Used PLL For iCE40: 0/0
Ram Cascading Used: 0
Lut Cascading Used: 0

***** Clock Info *****

***** Placement Info *****
Logic cell utilization per tile
    . . . . + . . . . 1 . . . . 
   ----------------------------
17|                             
16|   0 0 0 0 0 0 0 0 0 0 0 0   
15|   0 0 0 0 0 0 0 0 0 0 0 0   
14|   0 0 0 0 0 0 0 0 0 0 0 0   
13|   0 0 0 0 0 0 0 0 0 0 0 0   
12|   0 0 0 0 0 0 0 0 0 0 0 0   
11|   0 0 0 0 0 0 0 0 0 0 0 0   
10|   0 0 0 0 0 0 0 0 0 0 0 0   
 9|   0 0 0 0 0 0 0 0 0 0 0 0   
 8|   0 0 0 0 0 0 0 0 0 0 0 0   
 7|   0 0 0 0 0 0 0 0 0 0 0 0   
 6|   0 0 0 0 0 0 0 0 0 0 0 0   
 5|   0 0 0 0 0 0 0 0 0 0 0 0   
 4|   0 0 0 0 0 0 0 0 0 0 0 0   
 3|   0 0 0 0 0 0 0 0 0 0 0 0   
 2|   0 0 0 0 0 0 0 0 0 0 0 0   
 1|   0 0 0 0 0 0 0 0 0 0 0 0   
 0|                             

Maximum number of Logic cells per logic tile: 0
Average number of Logic cells per logic tile: -nan

***** Input Pin Density Info *****
Number of input nets per logic tile
     .  .  .  .  +  .  .  .  .  1  .  .  .  . 
   ------------------------------------------
17|                                           
16|     0  0  0  0  0  0  0  0  0  0  0  0    
15|     0  0  0  0  0  0  0  0  0  0  0  0    
14|     0  0  0  0  0  0  0  0  0  0  0  0    
13|     0  0  0  0  0  0  0  0  0  0  0  0    
12|     0  0  0  0  0  0  0  0  0  0  0  0    
11|     0  0  0  0  0  0  0  0  0  0  0  0    
10|     0  0  0  0  0  0  0  0  0  0  0  0    
 9|     0  0  0  0  0  0  0  0  0  0  0  0    
 8|     0  0  0  0  0  0  0  0  0  0  0  0    
 7|     0  0  0  0  0  0  0  0  0  0  0  0    
 6|     0  0  0  0  0  0  0  0  0  0  0  0    
 5|     0  0  0  0  0  0  0  0  0  0  0  0    
 4|     0  0  0  0  0  0  0  0  0  0  0  0    
 3|     0  0  0  0  0  0  0  0  0  0  0  0    
 2|     0  0  0  0  0  0  0  0  0  0  0  0    
 1|     0  0  0  0  0  0  0  0  0  0  0  0    
 0|                                           

Maximum number of input nets per logic tile: 0
Average number of input nets per logic tile: -nan

Number of input pins per logic tile
     .  .  .  .  +  .  .  .  .  1  .  .  .  . 
   ------------------------------------------
17|                                           
16|     0  0  0  0  0  0  0  0  0  0  0  0    
15|     0  0  0  0  0  0  0  0  0  0  0  0    
14|     0  0  0  0  0  0  0  0  0  0  0  0    
13|     0  0  0  0  0  0  0  0  0  0  0  0    
12|     0  0  0  0  0  0  0  0  0  0  0  0    
11|     0  0  0  0  0  0  0  0  0  0  0  0    
10|     0  0  0  0  0  0  0  0  0  0  0  0    
 9|     0  0  0  0  0  0  0  0  0  0  0  0    
 8|     0  0  0  0  0  0  0  0  0  0  0  0    
 7|     0  0  0  0  0  0  0  0  0  0  0  0    
 6|     0  0  0  0  0  0  0  0  0  0  0  0    
 5|     0  0  0  0  0  0  0  0  0  0  0  0    
 4|     0  0  0  0  0  0  0  0  0  0  0  0    
 3|     0  0  0  0  0  0  0  0  0  0  0  0    
 2|     0  0  0  0  0  0  0  0  0  0  0  0    
 1|     0  0  0  0  0  0  0  0  0  0  0  0    
 0|                                           

Maximum number of input pins per logic tile: 0
Average number of input pins per logic tile: -nan

***** Run Time Info *****
Run Time:  0
