Running in Lattice mode


Starting:    /home/george/lscc/iCEcube2.2020.12/synpbase/linux_a_64/mbin/synbatch
Install:     /home/george/lscc/iCEcube2.2020.12/synpbase
Hostname:    george-laptop
Date:        Fri Jul 26 16:06:42 2024
Version:     L-2016.09L+ice40

Arguments:   -product synplify_pro -batch and_gate_syn.prj
ProductType: synplify_pro





log file: "/home/george/Documents/nandland/and_gate/and_gate_Implmnt/and_gate.srr"
Running: and_gate_Implmnt in foreground

Running and_gate_syn|and_gate_Implmnt

Running: compile (Compile) on and_gate_syn|and_gate_Implmnt
# Fri Jul 26 16:06:42 2024

Running: compile_flow (Compile Process) on and_gate_syn|and_gate_Implmnt
# Fri Jul 26 16:06:42 2024

Running: compiler (Compile Input) on and_gate_syn|and_gate_Implmnt
# Fri Jul 26 16:06:42 2024
Copied /home/george/Documents/nandland/and_gate/and_gate_Implmnt/synwork/and_gate_comp.srs to /home/george/Documents/nandland/and_gate/and_gate_Implmnt/and_gate.srs

compiler completed
# Fri Jul 26 16:06:43 2024

Return Code: 0
Run Time:00h:00m:01s

Running: multi_srs_gen (Multi-srs Generator) on and_gate_syn|and_gate_Implmnt
# Fri Jul 26 16:06:43 2024

multi_srs_gen completed
# Fri Jul 26 16:06:43 2024

Return Code: 0
Run Time:00h:00m:00s
Copied /home/george/Documents/nandland/and_gate/and_gate_Implmnt/synwork/and_gate_mult.srs to /home/george/Documents/nandland/and_gate/and_gate_Implmnt/and_gate.srs
Complete: Compile Process on and_gate_syn|and_gate_Implmnt

Running: premap (Pre-mapping) on and_gate_syn|and_gate_Implmnt
# Fri Jul 26 16:06:43 2024

premap completed
# Fri Jul 26 16:06:43 2024

Return Code: 0
Run Time:00h:00m:00s
Complete: Compile on and_gate_syn|and_gate_Implmnt

Running: map (Map) on and_gate_syn|and_gate_Implmnt
# Fri Jul 26 16:06:43 2024
License granted for 4 parallel jobs

Running: fpga_mapper (Map & Optimize) on and_gate_syn|and_gate_Implmnt
# Fri Jul 26 16:06:43 2024
Copied /home/george/Documents/nandland/and_gate/and_gate_Implmnt/synwork/and_gate_m.srm to /home/george/Documents/nandland/and_gate/and_gate_Implmnt/and_gate.srm

fpga_mapper completed
# Fri Jul 26 16:06:44 2024

Return Code: 0
Run Time:00h:00m:01s
Complete: Map on and_gate_syn|and_gate_Implmnt
Complete: Logic Synthesis on and_gate_syn|and_gate_Implmnt

exit status=0

exit status=0

