4:03 PM
"/home/george/lscc/iCEcube2.2020.12/sbt_backend/bin/linux/opt/synpwrap/synpwrap" -prj "and_gate_syn.prj" -log "/home/george/Documents/nandland/and_gate/and_gate_Implmnt/and_gate.srr"
starting Synthesisrunning SynthesisRunning in Lattice mode


Starting:    /home/george/lscc/iCEcube2.2020.12/synpbase/linux_a_64/mbin/synbatch
Install:     /home/george/lscc/iCEcube2.2020.12/synpbase
Hostname:    george-laptop
Date:        Fri Jul 26 16:06:42 2024
Version:     L-2016.09L+ice40

Arguments:   -product synplify_pro -batch and_gate_syn.prj
ProductType: synplify_pro





log file: "/home/george/Documents/nandland/and_gate/and_gate_Implmnt/and_gate.srr"
Running: and_gate_Implmnt in foreground

Running and_gate_syn|and_gate_Implmnt

Running: compile (Compile) on and_gate_syn|and_gate_Implmnt
# Fri Jul 26 16:06:42 2024

Running: compile_flow (Compile Process) on and_gate_syn|and_gate_Implmnt
# Fri Jul 26 16:06:42 2024

Running: compiler (Compile Input) on and_gate_syn|and_gate_Implmnt
# Fri Jul 26 16:06:42 2024
Copied /home/george/Documents/nandland/and_gate/and_gate_Implmnt/synwork/and_gate_comp.srs to /home/george/Documents/nandland/and_gate/and_gate_Implmnt/and_gate.srs

compiler completed
# Fri Jul 26 16:06:43 2024

Return Code: 0
Run Time:00h:00m:01s

Running: multi_srs_gen (Multi-srs Generator) on and_gate_syn|and_gate_Implmnt
# Fri Jul 26 16:06:43 2024

multi_srs_gen completed
# Fri Jul 26 16:06:43 2024

Return Code: 0
Run Time:00h:00m:00s
Copied /home/george/Documents/nandland/and_gate/and_gate_Implmnt/synwork/and_gate_mult.srs to /home/george/Documents/nandland/and_gate/and_gate_Implmnt/and_gate.srs
Complete: Compile Process on and_gate_syn|and_gate_Implmnt

Running: premap (Pre-mapping) on and_gate_syn|and_gate_Implmnt
# Fri Jul 26 16:06:43 2024

premap completed
# Fri Jul 26 16:06:43 2024

Return Code: 0
Run Time:00h:00m:00s
Complete: Compile on and_gate_syn|and_gate_Implmnt

Running: map (Map) on and_gate_syn|and_gate_Implmnt
# Fri Jul 26 16:06:43 2024
License granted for 4 parallel jobs

Running: fpga_mapper (Map & Optimize) on and_gate_syn|and_gate_Implmnt
# Fri Jul 26 16:06:43 2024
Copied /home/george/Documents/nandland/and_gate/and_gate_Implmnt/synwork/and_gate_m.srm to /home/george/Documents/nandland/and_gate/and_gate_Implmnt/and_gate.srm

fpga_mapper completed
# Fri Jul 26 16:06:44 2024

Return Code: 0
Run Time:00h:00m:01s
Complete: Map on and_gate_syn|and_gate_Implmnt
Complete: Logic Synthesis on and_gate_syn|and_gate_Implmnt

exit status=0

exit status=0

Copyright (C) 1992-2014 Lattice Semiconductor Corporation. All rights reserved.
Child process exit with 0.

==contents of /home/george/Documents/nandland/and_gate/and_gate_Implmnt/and_gate.srr
#Build: Synplify Pro L-2016.09L+ice40, Build 077R, Dec  2 2016
#install: /home/george/lscc/iCEcube2.2020.12/synpbase
#OS: Linux 
#Hostname: george-laptop

# Fri Jul 26 16:06:42 2024

#Implementation: and_gate_Implmnt

Synopsys HDL Compiler, version comp2016q3p1, Build 141R, built Dec  5 2016
@N|Running in 64-bit mode
Copyright (C) 1994-2016 Synopsys, Inc. All rights reserved. This Synopsys software and all associated documentation are proprietary to Synopsys, Inc. and may only be used pursuant to the terms and conditions of a written license agreement with Synopsys, Inc. All other use, reproduction, modification, or distribution of the Synopsys software or the associated documentation is strictly prohibited.

Synopsys Verilog Compiler, version comp2016q3p1, Build 141R, built Dec  5 2016
@N|Running in 64-bit mode
Copyright (C) 1994-2016 Synopsys, Inc. All rights reserved. This Synopsys software and all associated documentation are proprietary to Synopsys, Inc. and may only be used pursuant to the terms and conditions of a written license agreement with Synopsys, Inc. All other use, reproduction, modification, or distribution of the Synopsys software or the associated documentation is strictly prohibited.

Running on host :george-laptop
@I::"/home/george/lscc/iCEcube2.2020.12/synpbase/lib/generic/sb_ice40.v" (library work)
@I::"/home/george/lscc/iCEcube2.2020.12/synpbase/lib/vlog/hypermods.v" (library __hyper__lib__)
@I::"/home/george/lscc/iCEcube2.2020.12/synpbase/lib/vlog/umr_capim.v" (library snps_haps)
@I::"/home/george/lscc/iCEcube2.2020.12/synpbase/lib/vlog/scemi_objects.v" (library snps_haps)
@I::"/home/george/lscc/iCEcube2.2020.12/synpbase/lib/vlog/scemi_pipes.svh" (library snps_haps)
@I::"/home/george/Documents/nandland/and_gate/And_Gate_Project.v" (library work)
Verilog syntax check successful!
Selecting top level module And_Gate_Project
@N: CG364 :"/home/george/Documents/nandland/and_gate/And_Gate_Project.v":1:7:1:22|Synthesizing module And_Gate_Project in library work.


At c_ver Exit (Real Time elapsed 0h:00m:00s; CPU Time elapsed 0h:00m:00s; Memory used current: 69MB peak: 70MB)

Process took 0h:00m:01s realtime, 0h:00m:01s cputime

Process completed successfully.
# Fri Jul 26 16:06:42 2024

###########################################################]
Synopsys Netlist Linker, version comp2016q3p1, Build 141R, built Dec  5 2016
@N|Running in 64-bit mode
@N: NF107 :"/home/george/Documents/nandland/and_gate/And_Gate_Project.v":1:7:1:22|Selected library: work cell: And_Gate_Project view verilog as top level
@N: NF107 :"/home/george/Documents/nandland/and_gate/And_Gate_Project.v":1:7:1:22|Selected library: work cell: And_Gate_Project view verilog as top level

At syn_nfilter Exit (Real Time elapsed 0h:00m:00s; CPU Time elapsed 0h:00m:00s; Memory used current: 67MB peak: 68MB)

Process took 0h:00m:01s realtime, 0h:00m:01s cputime

Process completed successfully.
# Fri Jul 26 16:06:42 2024

###########################################################]
@END

At c_hdl Exit (Real Time elapsed 0h:00m:00s; CPU Time elapsed 0h:00m:00s; Memory used current: 3MB peak: 4MB)

Process took 0h:00m:01s realtime, 0h:00m:01s cputime

Process completed successfully.
# Fri Jul 26 16:06:42 2024

###########################################################]
Synopsys Netlist Linker, version comp2016q3p1, Build 141R, built Dec  5 2016
@N|Running in 64-bit mode
@N: NF107 :"/home/george/Documents/nandland/and_gate/And_Gate_Project.v":1:7:1:22|Selected library: work cell: And_Gate_Project view verilog as top level
@N: NF107 :"/home/george/Documents/nandland/and_gate/And_Gate_Project.v":1:7:1:22|Selected library: work cell: And_Gate_Project view verilog as top level

At syn_nfilter Exit (Real Time elapsed 0h:00m:00s; CPU Time elapsed 0h:00m:00s; Memory used current: 67MB peak: 68MB)

Process took 0h:00m:01s realtime, 0h:00m:01s cputime

Process completed successfully.
# Fri Jul 26 16:06:43 2024

###########################################################]
Pre-mapping Report

# Fri Jul 26 16:06:43 2024

Synopsys Lattice Technology Pre-mapping, Version maplat, Build 1612R, Built Dec  5 2016 09:30:53
Copyright (C) 1994-2016 Synopsys, Inc. All rights reserved. This Synopsys software and all associated documentation are proprietary to Synopsys, Inc. and may only be used pursuant to the terms and conditions of a written license agreement with Synopsys, Inc. All other use, reproduction, modification, or distribution of the Synopsys software or the associated documentation is strictly prohibited.
Product Version L-2016.09L+ice40

Mapper Startup Complete (Real Time elapsed 0h:00m:00s; CPU Time elapsed 0h:00m:00s; Memory used current: 99MB peak: 99MB)

@A: MF827 |No constraint file specified.
@L: /home/george/Documents/nandland/and_gate/and_gate_Implmnt/and_gate_scck.rpt 
Printing clock  summary report in "/home/george/Documents/nandland/and_gate/and_gate_Implmnt/and_gate_scck.rpt" file 
@N: MF248 |Running in 64-bit mode.
@N: MF666 |Clock conversion enabled. (Command "set_option -fix_gated_and_generated_clocks 1" in the project file.)

Design Input Complete (Real Time elapsed 0h:00m:00s; CPU Time elapsed 0h:00m:00s; Memory used current: 99MB peak: 101MB)


Mapper Initialization Complete (Real Time elapsed 0h:00m:00s; CPU Time elapsed 0h:00m:00s; Memory used current: 99MB peak: 101MB)


Start loading timing files (Real Time elapsed 0h:00m:00s; CPU Time elapsed 0h:00m:00s; Memory used current: 100MB peak: 101MB)


Finished loading timing files (Real Time elapsed 0h:00m:00s; CPU Time elapsed 0h:00m:00s; Memory used current: 100MB peak: 103MB)

ICG Latch Removal Summary:
Number of ICG latches removed:	0
Number of ICG latches not removed:	0
syn_allowed_resources : blockrams=16  set on top level netlist And_Gate_Project

Finished netlist restructuring (Real Time elapsed 0h:00m:00s; CPU Time elapsed 0h:00m:00s; Memory used current: 131MB peak: 133MB)



Clock Summary
*****************

Start     Requested     Requested     Clock     Clock     Clock
Clock     Frequency     Period        Type      Group     Load 
---------------------------------------------------------------
===============================================================

Finished Pre Mapping Phase.
@N: BN225 |Writing default property annotation file /home/george/Documents/nandland/and_gate/and_gate_Implmnt/and_gate.sap.

Starting constraint checker (Real Time elapsed 0h:00m:00s; CPU Time elapsed 0h:00m:00s; Memory used current: 131MB peak: 133MB)

None
None

Finished constraint checker (Real Time elapsed 0h:00m:00s; CPU Time elapsed 0h:00m:00s; Memory used current: 131MB peak: 133MB)

Pre-mapping successful!

At Mapper Exit (Real Time elapsed 0h:00m:00s; CPU Time elapsed 0h:00m:00s; Memory used current: 46MB peak: 133MB)

Process took 0h:00m:01s realtime, 0h:00m:01s cputime
# Fri Jul 26 16:06:43 2024

###########################################################]
Map & Optimize Report

# Fri Jul 26 16:06:43 2024

Synopsys Lattice Technology Mapper, Version maplat, Build 1612R, Built Dec  5 2016 09:30:53
Copyright (C) 1994-2016 Synopsys, Inc. All rights reserved. This Synopsys software and all associated documentation are proprietary to Synopsys, Inc. and may only be used pursuant to the terms and conditions of a written license agreement with Synopsys, Inc. All other use, reproduction, modification, or distribution of the Synopsys software or the associated documentation is strictly prohibited.
Product Version L-2016.09L+ice40

Mapper Startup Complete (Real Time elapsed 0h:00m:00s; CPU Time elapsed 0h:00m:00s; Memory used current: 99MB peak: 99MB)

@N: MF248 |Running in 64-bit mode.
@N: MF666 |Clock conversion enabled. (Command "set_option -fix_gated_and_generated_clocks 1" in the project file.)

Design Input Complete (Real Time elapsed 0h:00m:00s; CPU Time elapsed 0h:00m:00s; Memory used current: 98MB peak: 100MB)


Mapper Initialization Complete (Real Time elapsed 0h:00m:00s; CPU Time elapsed 0h:00m:00s; Memory used current: 98MB peak: 100MB)


Start loading timing files (Real Time elapsed 0h:00m:00s; CPU Time elapsed 0h:00m:00s; Memory used current: 100MB peak: 100MB)


Finished loading timing files (Real Time elapsed 0h:00m:00s; CPU Time elapsed 0h:00m:00s; Memory used current: 100MB peak: 102MB)



Starting Optimization and Mapping (Real Time elapsed 0h:00m:00s; CPU Time elapsed 0h:00m:00s; Memory used current: 131MB peak: 133MB)


Available hyper_sources - for debug and ip models
	None Found

@N: MT206 |Auto Constrain mode is enabled

Finished RTL optimizations (Real Time elapsed 0h:00m:00s; CPU Time elapsed 0h:00m:00s; Memory used current: 130MB peak: 133MB)


Starting factoring (Real Time elapsed 0h:00m:00s; CPU Time elapsed 0h:00m:00s; Memory used current: 130MB peak: 133MB)


Finished factoring (Real Time elapsed 0h:00m:00s; CPU Time elapsed 0h:00m:00s; Memory used current: 131MB peak: 133MB)


Finished gated-clock and generated-clock conversion (Real Time elapsed 0h:00m:00s; CPU Time elapsed 0h:00m:00s; Memory used current: 131MB peak: 133MB)


Finished generic timing optimizations - Pass 1 (Real Time elapsed 0h:00m:00s; CPU Time elapsed 0h:00m:00s; Memory used current: 131MB peak: 133MB)


Starting Early Timing Optimization (Real Time elapsed 0h:00m:00s; CPU Time elapsed 0h:00m:00s; Memory used current: 131MB peak: 133MB)


Finished Early Timing Optimization (Real Time elapsed 0h:00m:00s; CPU Time elapsed 0h:00m:00s; Memory used current: 131MB peak: 133MB)


Finished generic timing optimizations - Pass 2 (Real Time elapsed 0h:00m:00s; CPU Time elapsed 0h:00m:00s; Memory used current: 131MB peak: 133MB)


Finished preparing to map (Real Time elapsed 0h:00m:00s; CPU Time elapsed 0h:00m:00s; Memory used current: 131MB peak: 133MB)


Finished technology mapping (Real Time elapsed 0h:00m:00s; CPU Time elapsed 0h:00m:00s; Memory used current: 131MB peak: 133MB)

Pass		 CPU time		Worst Slack		Luts / Registers
------------------------------------------------------------
   1		0h:00m:00s		100000.00ns		   1 /         0

Finished technology timing optimizations and critical path resynthesis (Real Time elapsed 0h:00m:00s; CPU Time elapsed 0h:00m:00s; Memory used current: 131MB peak: 133MB)


Finished restoring hierarchy (Real Time elapsed 0h:00m:00s; CPU Time elapsed 0h:00m:00s; Memory used current: 131MB peak: 133MB)



@S |Clock Optimization Summary


#### START OF CLOCK OPTIMIZATION REPORT #####[

0 non-gated/non-generated clock tree(s) driving 0 clock pin(s) of sequential element(s)
0 gated/generated clock tree(s) driving 0 clock pin(s) of sequential element(s)
0 instances converted, 0 sequential instances remain driven by gated/generated clocks



##### END OF CLOCK OPTIMIZATION REPORT ######]


Start Writing Netlists (Real Time elapsed 0h:00m:00s; CPU Time elapsed 0h:00m:00s; Memory used current: 105MB peak: 133MB)

Writing Analyst data base /home/george/Documents/nandland/and_gate/and_gate_Implmnt/synwork/and_gate_m.srm

Finished Writing Netlist Databases (Real Time elapsed 0h:00m:00s; CPU Time elapsed 0h:00m:00s; Memory used current: 130MB peak: 133MB)

Writing EDIF Netlist and constraint files
@N: BW103 |The default time unit for the Synopsys Constraint File (SDC or FDC) is 1ns.
@N: BW107 |Synopsys Constraint File capacitance units using default value of 1pF 
@N: FX1056 |Writing EDF file: /home/george/Documents/nandland/and_gate/and_gate_Implmnt/and_gate.edf
L-2016.09L+ice40

Finished Writing EDIF Netlist and constraint files (Real Time elapsed 0h:00m:00s; CPU Time elapsed 0h:00m:00s; Memory used current: 131MB peak: 133MB)


Start final timing analysis (Real Time elapsed 0h:00m:00s; CPU Time elapsed 0h:00m:00s; Memory used current: 131MB peak: 133MB)



##### START OF TIMING REPORT #####[
# Timing Report written on Fri Jul 26 16:06:44 2024
#


Top view:               And_Gate_Project
Requested Frequency:    1.0 MHz
Wire load mode:         top
Paths requested:        5
Constraint File(s):    
@N: MT320 |This timing report is an estimate of place and route data. For final timing results, use the FPGA vendor place and route report.

@N: MT322 |Clock constraints include only register-to-register paths associated with each individual clock.



Performance Summary
*******************


Worst slack in design: NA






Clock Relationships
*******************

Clocks            |    rise  to  rise   |    fall  to  fall   |    rise  to  fall   |    fall  to  rise 
--------------------------------------------------------------------------------------------------------
Starting  Ending  |  constraint  slack  |  constraint  slack  |  constraint  slack  |  constraint  slack
--------------------------------------------------------------------------------------------------------
========================================================================================================
 Note: 'No paths' indicates there are no paths in the design for that pair of clock edges.
       'Diff grp' indicates that paths exist but the starting clock and ending clock are in different clock groups.



Interface Information 
*********************

No IO constraint found


##### END OF TIMING REPORT #####]

Timing exceptions that could not be applied
None

Finished final timing analysis (Real Time elapsed 0h:00m:00s; CPU Time elapsed 0h:00m:00s; Memory used current: 132MB peak: 133MB)


Finished timing report (Real Time elapsed 0h:00m:00s; CPU Time elapsed 0h:00m:00s; Memory used current: 132MB peak: 133MB)

---------------------------------------
Resource Usage Report for And_Gate_Project 

Mapping to part: ice40hx1kvq100
Cell usage:
SB_LUT4         1 use

I/O ports: 3
I/O primitives: 3
SB_IO          3 uses

I/O Register bits:                  0
Register bits not including I/Os:   0 (0%)
Total load per clock:

@S |Mapping Summary:
Total  LUTs: 1 (0%)

Distribution of All Consumed LUTs = LUT4 
Distribution of All Consumed Luts 1 = 1 

Mapper successful!

At Mapper Exit (Real Time elapsed 0h:00m:00s; CPU Time elapsed 0h:00m:00s; Memory used current: 25MB peak: 133MB)

Process took 0h:00m:01s realtime, 0h:00m:01s cputime
# Fri Jul 26 16:06:44 2024

###########################################################]


Synthesis exit by 0.
Current Implementation and_gate_Implmnt its sbt path: /home/george/Documents/nandland/and_gate/and_gate_Implmnt/sbt
Synthesis succeed.
Synthesis succeeded.
Synthesis runtime 122 seconds


"/home/george/lscc/iCEcube2.2020.12/sbt_backend/bin/linux/opt/edifparser" "/home/george/lscc/iCEcube2.2020.12/sbt_backend/devices/ICE40P01.dev" "/home/george/Documents/nandland/and_gate/and_gate_Implmnt/and_gate.edf " "/home/george/Documents/nandland/and_gate/and_gate_Implmnt/sbt/netlist" "-pVQ100" "-y/home/george/Documents/nandland/Go_Board_Pin_Constraints.pcf " -c --devicename iCE40HX1K
starting edif parserLattice Semiconductor Corporation  Edif Parser
Release:        2020.12.27943
Build Date:     Dec 10 2020 17:23:29

running edif parserParsing edif file: /home/george/Documents/nandland/and_gate/and_gate_Implmnt/and_gate.edf...
Parsing constraint file: /home/george/Documents/nandland/Go_Board_Pin_Constraints.pcf...
Warning: pin i_Clk doesn't exist in the design netlist.ignoring the set_io command on line 5 of file /home/george/Documents/nandland/Go_Board_Pin_Constraints.pcf
Warning: pin o_LED_2 doesn't exist in the design netlist.ignoring the set_io command on line 8 of file /home/george/Documents/nandland/Go_Board_Pin_Constraints.pcf
Warning: pin o_LED_3 doesn't exist in the design netlist.ignoring the set_io command on line 9 of file /home/george/Documents/nandland/Go_Board_Pin_Constraints.pcf
Warning: pin o_LED_4 doesn't exist in the design netlist.ignoring the set_io command on line 10 of file /home/george/Documents/nandland/Go_Board_Pin_Constraints.pcf
Warning: pin i_Switch_3 doesn't exist in the design netlist.ignoring the set_io command on line 14 of file /home/george/Documents/nandland/Go_Board_Pin_Constraints.pcf
Warning: pin i_Switch_4 doesn't exist in the design netlist.ignoring the set_io command on line 15 of file /home/george/Documents/nandland/Go_Board_Pin_Constraints.pcf
Warning: pin o_Segment1_A doesn't exist in the design netlist.ignoring the set_io command on line 17 of file /home/george/Documents/nandland/Go_Board_Pin_Constraints.pcf
Warning: pin o_Segment1_B doesn't exist in the design netlist.ignoring the set_io command on line 18 of file /home/george/Documents/nandland/Go_Board_Pin_Constraints.pcf
Warning: pin o_Segment1_C doesn't exist in the design netlist.ignoring the set_io command on line 19 of file /home/george/Documents/nandland/Go_Board_Pin_Constraints.pcf
Warning: pin o_Segment1_D doesn't exist in the design netlist.ignoring the set_io command on line 20 of file /home/george/Documents/nandland/Go_Board_Pin_Constraints.pcf
Warning: pin o_Segment1_E doesn't exist in the design netlist.ignoring the set_io command on line 21 of file /home/george/Documents/nandland/Go_Board_Pin_Constraints.pcf
Warning: pin o_Segment1_F doesn't exist in the design netlist.ignoring the set_io command on line 22 of file /home/george/Documents/nandland/Go_Board_Pin_Constraints.pcf
Warning: pin o_Segment1_G doesn't exist in the design netlist.ignoring the set_io command on line 23 of file /home/george/Documents/nandland/Go_Board_Pin_Constraints.pcf
Warning: pin o_Segment2_A doesn't exist in the design netlist.ignoring the set_io command on line 24 of file /home/george/Documents/nandland/Go_Board_Pin_Constraints.pcf
Warning: pin o_Segment2_B doesn't exist in the design netlist.ignoring the set_io command on line 25 of file /home/george/Documents/nandland/Go_Board_Pin_Constraints.pcf
Warning: pin o_Segment2_C doesn't exist in the design netlist.ignoring the set_io command on line 26 of file /home/george/Documents/nandland/Go_Board_Pin_Constraints.pcf
Warning: pin o_Segment2_D doesn't exist in the design netlist.ignoring the set_io command on line 27 of file /home/george/Documents/nandland/Go_Board_Pin_Constraints.pcf
Warning: pin o_Segment2_E doesn't exist in the design netlist.ignoring the set_io command on line 28 of file /home/george/Documents/nandland/Go_Board_Pin_Constraints.pcf
Warning: pin o_Segment2_F doesn't exist in the design netlist.ignoring the set_io command on line 29 of file /home/george/Documents/nandland/Go_Board_Pin_Constraints.pcf
Warning: pin o_Segment2_G doesn't exist in the design netlist.ignoring the set_io command on line 30 of file /home/george/Documents/nandland/Go_Board_Pin_Constraints.pcf
Warning: pin i_UART_RX doesn't exist in the design netlist.ignoring the set_io command on line 32 of file /home/george/Documents/nandland/Go_Board_Pin_Constraints.pcf
Warning: pin o_UART_TX doesn't exist in the design netlist.ignoring the set_io command on line 33 of file /home/george/Documents/nandland/Go_Board_Pin_Constraints.pcf
Warning: pin o_VGA_HSync doesn't exist in the design netlist.ignoring the set_io command on line 35 of file /home/george/Documents/nandland/Go_Board_Pin_Constraints.pcf
Warning: pin o_VGA_VSync doesn't exist in the design netlist.ignoring the set_io command on line 36 of file /home/george/Documents/nandland/Go_Board_Pin_Constraints.pcf
Warning: pin o_VGA_Red_0 doesn't exist in the design netlist.ignoring the set_io command on line 37 of file /home/george/Documents/nandland/Go_Board_Pin_Constraints.pcf
Warning: pin o_VGA_Red_1 doesn't exist in the design netlist.ignoring the set_io command on line 38 of file /home/george/Documents/nandland/Go_Board_Pin_Constraints.pcf
Warning: pin o_VGA_Red_2 doesn't exist in the design netlist.ignoring the set_io command on line 39 of file /home/george/Documents/nandland/Go_Board_Pin_Constraints.pcf
Warning: pin o_VGA_Grn_0 doesn't exist in the design netlist.ignoring the set_io command on line 40 of file /home/george/Documents/nandland/Go_Board_Pin_Constraints.pcf
Warning: pin o_VGA_Grn_1 doesn't exist in the design netlist.ignoring the set_io command on line 41 of file /home/george/Documents/nandland/Go_Board_Pin_Constraints.pcf
Warning: pin o_VGA_Grn_2 doesn't exist in the design netlist.ignoring the set_io command on line 42 of file /home/george/Documents/nandland/Go_Board_Pin_Constraints.pcf
Warning: pin o_VGA_Blu_0 doesn't exist in the design netlist.ignoring the set_io command on line 43 of file /home/george/Documents/nandland/Go_Board_Pin_Constraints.pcf
Warning: pin o_VGA_Blu_1 doesn't exist in the design netlist.ignoring the set_io command on line 44 of file /home/george/Documents/nandland/Go_Board_Pin_Constraints.pcf
Warning: pin o_VGA_Blu_2 doesn't exist in the design netlist.ignoring the set_io command on line 45 of file /home/george/Documents/nandland/Go_Board_Pin_Constraints.pcf
Warning: pin io_PMOD_1 doesn't exist in the design netlist.ignoring the set_io command on line 47 of file /home/george/Documents/nandland/Go_Board_Pin_Constraints.pcf
Warning: pin io_PMOD_2 doesn't exist in the design netlist.ignoring the set_io command on line 48 of file /home/george/Documents/nandland/Go_Board_Pin_Constraints.pcf
Warning: pin io_PMOD_3 doesn't exist in the design netlist.ignoring the set_io command on line 49 of file /home/george/Documents/nandland/Go_Board_Pin_Constraints.pcf
Warning: pin io_PMOD_4 doesn't exist in the design netlist.ignoring the set_io command on line 50 of file /home/george/Documents/nandland/Go_Board_Pin_Constraints.pcf
Warning: pin io_PMOD_7 doesn't exist in the design netlist.ignoring the set_io command on line 51 of file /home/george/Documents/nandland/Go_Board_Pin_Constraints.pcf
Warning: pin io_PMOD_8 doesn't exist in the design netlist.ignoring the set_io command on line 52 of file /home/george/Documents/nandland/Go_Board_Pin_Constraints.pcf
Warning: pin io_PMOD_9 doesn't exist in the design netlist.ignoring the set_io command on line 53 of file /home/george/Documents/nandland/Go_Board_Pin_Constraints.pcf
Warning: pin io_PMOD_10 doesn't exist in the design netlist.ignoring the set_io command on line 54 of file /home/george/Documents/nandland/Go_Board_Pin_Constraints.pcf
parse file /home/george/Documents/nandland/Go_Board_Pin_Constraints.pcf error. But they are ignored
start to read sdc/scf file /home/george/Documents/nandland/and_gate/and_gate_Implmnt/and_gate.scf
sdc_reader OK /home/george/Documents/nandland/and_gate/and_gate_Implmnt/and_gate.scf
Stored edif netlist at /home/george/Documents/nandland/and_gate/and_gate_Implmnt/sbt/netlist/oadb-And_Gate_Project...

write Timing Constraint to /home/george/Documents/nandland/and_gate/and_gate_Implmnt/sbt/Temp/sbt_temp.sdc

EDIF Parser succeeded
Top module is: And_Gate_Project

EDF Parser run-time: 0 (sec)
edif parser succeed.


"/home/george/lscc/iCEcube2.2020.12/sbt_backend/bin/linux/opt/sbtplacer" --des-lib "/home/george/Documents/nandland/and_gate/and_gate_Implmnt/sbt/netlist/oadb-And_Gate_Project" --outdir "/home/george/Documents/nandland/and_gate/and_gate_Implmnt/sbt/outputs/placer" --device-file "/home/george/lscc/iCEcube2.2020.12/sbt_backend/devices/ICE40P01.dev" --package VQ100 --deviceMarketName iCE40HX1K --sdc-file "/home/george/Documents/nandland/and_gate/and_gate_Implmnt/sbt/Temp/sbt_temp.sdc" --lib-file "/home/george/lscc/iCEcube2.2020.12/sbt_backend/devices/ice40HX1K.lib" --effort_level std --out-sdc-file "/home/george/Documents/nandland/and_gate/and_gate_Implmnt/sbt/outputs/placer/And_Gate_Project_pl.sdc"
starting placerrunning placerExecuting : /home/george/lscc/iCEcube2.2020.12/sbt_backend/bin/linux/opt/sbtplacer --des-lib /home/george/Documents/nandland/and_gate/and_gate_Implmnt/sbt/netlist/oadb-And_Gate_Project --outdir /home/george/Documents/nandland/and_gate/and_gate_Implmnt/sbt/outputs/placer --device-file /home/george/lscc/iCEcube2.2020.12/sbt_backend/devices/ICE40P01.dev --package VQ100 --deviceMarketName iCE40HX1K --sdc-file /home/george/Documents/nandland/and_gate/and_gate_Implmnt/sbt/Temp/sbt_temp.sdc --lib-file /home/george/lscc/iCEcube2.2020.12/sbt_backend/devices/ice40HX1K.lib --effort_level std --out-sdc-file /home/george/Documents/nandland/and_gate/and_gate_Implmnt/sbt/outputs/placer/And_Gate_Project_pl.sdc
Lattice Semiconductor Corporation  Placer
Release:        2020.12.27943
Build Date:     Dec 10 2020 17:43:13

I2004: Option and Settings Summary
=============================================================
Device file          - /home/george/lscc/iCEcube2.2020.12/sbt_backend/devices/ICE40P01.dev
Package              - VQ100
Design database      - /home/george/Documents/nandland/and_gate/and_gate_Implmnt/sbt/netlist/oadb-And_Gate_Project
SDC file             - /home/george/Documents/nandland/and_gate/and_gate_Implmnt/sbt/Temp/sbt_temp.sdc
Output directory     - /home/george/Documents/nandland/and_gate/and_gate_Implmnt/sbt/outputs/placer
Timing library       - /home/george/lscc/iCEcube2.2020.12/sbt_backend/devices/ice40HX1K.lib
Effort level         - std

I2050: Starting reading inputs for placer
=============================================================
I2100: Reading design library: /home/george/Documents/nandland/and_gate/and_gate_Implmnt/sbt/netlist/oadb-And_Gate_Project/BFPGA_DESIGN_ep
I2065: Reading device file : /home/george/lscc/iCEcube2.2020.12/sbt_backend/devices/ICE40P01.dev
I2051: Reading of inputs for placer completed successfully

I2053: Starting placement of the design
=============================================================

Input Design Statistics
    Number of LUTs      	:	1
    Number of DFFs      	:	0
    Number of DFFs packed to IO	:	0
    Number of Carrys    	:	0
    Number of RAMs      	:	0
    Number of ROMs      	:	0
    Number of IOs       	:	3
    Number of GBIOs     	:	0
    Number of GBs       	:	0
    Number of WarmBoot  	:	0
    Number of PLLs      	:	0


Phase 1
I2077: Start design legalization

Design Legalization Statistics
    Number of feedthru LUTs inserted to legalize input of DFFs     	:	0
    Number of feedthru LUTs inserted for LUTs driving multiple DFFs	:	0
    Number of LUTs replicated for LUTs driving multiple DFFs       	:	0
    Number of feedthru LUTs inserted to legalize output of CARRYs  	:	0
    Number of feedthru LUTs inserted to legalize global signals    	:	0
    Number of feedthru CARRYs inserted to legalize input of CARRYs 	:	0
    Number of inserted LUTs to Legalize IOs with PIN_TYPE= 01xxxx  	:	0
    Number of inserted LUTs to Legalize IOs with PIN_TYPE= 10xxxx  	:	0
    Number of inserted LUTs to Legalize IOs with PIN_TYPE= 11xxxx  	:	0
    Total LUTs inserted                                            	:	0
    Total CARRYs inserted                                          	:	0


I2078: Design legalization is completed successfully
I2088: Phase 1, elapsed time : 0.0 (sec)


Phase 2
I2088: Phase 2, elapsed time : 0.0 (sec)

Phase 3
W2659: No Constrained paths were found. The placer will run in non-timing driven mode.

Design Statistics after Packing
    Number of LUTs      	:	1
    Number of DFFs      	:	0
    Number of DFFs packed to IO	:	0
    Number of Carrys    	:	0

Device Utilization Summary after Packing
    Sequential LogicCells
        LUT and DFF      	:	0
        LUT, DFF and CARRY	:	0
    Combinational LogicCells
        Only LUT         	:	1
        CARRY Only       	:	0
        LUT with CARRY   	:	0
    LogicCells                  :	1/1280
    PLBs                        :	1/160
    BRAMs                       :	0/16
    IOs and GBIOs               :	3/72
    PLLs                        :	0/0


I2088: Phase 3, elapsed time : 0.2 (sec)

Phase 4
I2088: Phase 4, elapsed time : 0.1 (sec)

Phase 5
I2088: Phase 5, elapsed time : 0.0 (sec)

Phase 6
I2088: Phase 6, elapsed time : 0.0 (sec)

Final Design Statistics
    Number of LUTs      	:	1
    Number of DFFs      	:	0
    Number of DFFs packed to IO	:	0
    Number of Carrys    	:	0
    Number of RAMs      	:	0
    Number of ROMs      	:	0
    Number of IOs       	:	3
    Number of GBIOs     	:	0
    Number of GBs       	:	0
    Number of WarmBoot  	:	0
    Number of PLLs      	:	0

Device Utilization Summary
    LogicCells                  :	1/1280
    PLBs                        :	1/160
    BRAMs                       :	0/16
    IOs and GBIOs               :	3/72
    PLLs                        :	0/0


I2054: Placement of design completed successfully

I2076: Placer run-time: 0.4 sec.

placer succeed.
starting IPExporterrunning IPExporterIPExporter succeed.


"/home/george/lscc/iCEcube2.2020.12/sbt_backend/bin/linux/opt/packer" "/home/george/lscc/iCEcube2.2020.12/sbt_backend/devices/ICE40P01.dev" "/home/george/Documents/nandland/and_gate/and_gate_Implmnt/sbt/netlist/oadb-And_Gate_Project" --package VQ100 --outdir "/home/george/Documents/nandland/and_gate/and_gate_Implmnt/sbt/outputs/packer" --DRC_only  --translator "/home/george/lscc/iCEcube2.2020.12/sbt_backend/bin/sdc_translator.tcl" --src_sdc_file "/home/george/Documents/nandland/and_gate/and_gate_Implmnt/sbt/outputs/placer/And_Gate_Project_pl.sdc" --dst_sdc_file "/home/george/Documents/nandland/and_gate/and_gate_Implmnt/sbt/outputs/packer/And_Gate_Project_pk.sdc" --devicename iCE40HX1K
starting packerLattice Semiconductor Corporation  Packer
Release:        2020.12.27943
Build Date:     Dec 10 2020 17:24:46

Begin Packing...
initializing finish
Total HPWL cost is 6
used logic cells: 1
Design Rule Checking Succeeded

DRC Checker run-time: 0 (sec)
running packerpacker succeed.


"/home/george/lscc/iCEcube2.2020.12/sbt_backend/bin/linux/opt/packer" "/home/george/lscc/iCEcube2.2020.12/sbt_backend/devices/ICE40P01.dev" "/home/george/Documents/nandland/and_gate/and_gate_Implmnt/sbt/netlist/oadb-And_Gate_Project" --package VQ100 --outdir "/home/george/Documents/nandland/and_gate/and_gate_Implmnt/sbt/outputs/packer" --translator "/home/george/lscc/iCEcube2.2020.12/sbt_backend/bin/sdc_translator.tcl" --src_sdc_file "/home/george/Documents/nandland/and_gate/and_gate_Implmnt/sbt/outputs/placer/And_Gate_Project_pl.sdc" --dst_sdc_file "/home/george/Documents/nandland/and_gate/and_gate_Implmnt/sbt/outputs/packer/And_Gate_Project_pk.sdc" --devicename iCE40HX1K
starting packerrunning packerLattice Semiconductor Corporation  Packer
Release:        2020.12.27943
Build Date:     Dec 10 2020 17:24:46

Begin Packing...
initializing finish
Total HPWL cost is 6
used logic cells: 1
Translating sdc file /home/george/Documents/nandland/and_gate/and_gate_Implmnt/sbt/outputs/placer/And_Gate_Project_pl.sdc...
Translated sdc file is /home/george/Documents/nandland/and_gate/and_gate_Implmnt/sbt/outputs/packer/And_Gate_Project_pk.sdc
Packer succeeded

Packer run-time: 0 (sec)
packer succeed.


"/home/george/lscc/iCEcube2.2020.12/sbt_backend/bin/linux/opt/sbrouter" "/home/george/lscc/iCEcube2.2020.12/sbt_backend/devices/ICE40P01.dev" "/home/george/Documents/nandland/and_gate/and_gate_Implmnt/sbt/netlist/oadb-And_Gate_Project" "/home/george/lscc/iCEcube2.2020.12/sbt_backend/devices/ice40HX1K.lib" "/home/george/Documents/nandland/and_gate/and_gate_Implmnt/sbt/outputs/packer/And_Gate_Project_pk.sdc" --outdir "/home/george/Documents/nandland/and_gate/and_gate_Implmnt/sbt/outputs/router" --sdf_file "/home/george/Documents/nandland/and_gate/and_gate_Implmnt/sbt/outputs/simulation_netlist/And_Gate_Project_sbt.sdf" --pin_permutation
starting routerrunning routerSJRouter....
Executing : /home/george/lscc/iCEcube2.2020.12/sbt_backend/bin/linux/opt/sbrouter /home/george/lscc/iCEcube2.2020.12/sbt_backend/devices/ICE40P01.dev /home/george/Documents/nandland/and_gate/and_gate_Implmnt/sbt/netlist/oadb-And_Gate_Project /home/george/lscc/iCEcube2.2020.12/sbt_backend/devices/ice40HX1K.lib /home/george/Documents/nandland/and_gate/and_gate_Implmnt/sbt/outputs/packer/And_Gate_Project_pk.sdc --outdir /home/george/Documents/nandland/and_gate/and_gate_Implmnt/sbt/outputs/router --sdf_file /home/george/Documents/nandland/and_gate/and_gate_Implmnt/sbt/outputs/simulation_netlist/And_Gate_Project_sbt.sdf --pin_permutation 
Lattice Semiconductor Corporation  Router
Release:        2020.12.27943
Build Date:     Dec 10 2020 17:31:26

I1203: Reading Design And_Gate_Project
Read design time: 0
I1202: Reading Architecture of device iCE40HX1K
Read device time: 2
I1209: Started routing
I1223: Total Nets : 3 
I1212: Iteration  1 :     0 unrouted : 0 seconds
I1215: Routing is successful
Routing time: 0
I1206: Completed routing
I1204: Writing Design And_Gate_Project
Lib Closed
I1210: Writing routes
I1218: Exiting the router
I1224: Router run-time : 2 seconds
 total           155028K
router succeed.

"/home/george/lscc/iCEcube2.2020.12/sbt_backend/bin/linux/opt/netlister" --verilog "/home/george/Documents/nandland/and_gate/and_gate_Implmnt/sbt/outputs/simulation_netlist/And_Gate_Project_sbt.v" --vhdl "/home/george/Documents/nandland/and_gate/and_gate_Implmnt/sbt/outputs/simulation_netlist/And_Gate_Project_sbt.vhd" --lib "/home/george/Documents/nandland/and_gate/and_gate_Implmnt/sbt/netlist/oadb-And_Gate_Project" --view rt --device "/home/george/lscc/iCEcube2.2020.12/sbt_backend/devices/ICE40P01.dev" --splitio  --in-sdc-file "/home/george/Documents/nandland/and_gate/and_gate_Implmnt/sbt/outputs/packer/And_Gate_Project_pk.sdc" --out-sdc-file "/home/george/Documents/nandland/and_gate/and_gate_Implmnt/sbt/outputs/netlister/And_Gate_Project_sbt.sdc"
starting netlistLattice Semiconductor Corporation  Verilog & VHDL Netlister
Release:        2020.12.27943
Build Date:     Dec 10 2020 17:46:40

running netlistGenerating Verilog & VHDL netlist files ...
Writing /home/george/Documents/nandland/and_gate/and_gate_Implmnt/sbt/outputs/simulation_netlist/And_Gate_Project_sbt.v
Writing /home/george/Documents/nandland/and_gate/and_gate_Implmnt/sbt/outputs/simulation_netlist/And_Gate_Project_sbt.vhd
Netlister succeeded.

Netlister run-time: 0 (sec)
netlist succeed.


"/home/george/lscc/iCEcube2.2020.12/sbt_backend/bin/linux/opt/sbtimer" --des-lib "/home/george/Documents/nandland/and_gate/and_gate_Implmnt/sbt/netlist/oadb-And_Gate_Project" --lib-file "/home/george/lscc/iCEcube2.2020.12/sbt_backend/devices/ice40HX1K.lib" --sdc-file "/home/george/Documents/nandland/and_gate/and_gate_Implmnt/sbt/outputs/netlister/And_Gate_Project_sbt.sdc" --sdf-file "/home/george/Documents/nandland/and_gate/and_gate_Implmnt/sbt/outputs/simulation_netlist/And_Gate_Project_sbt.sdf" --report-file "/home/george/Documents/nandland/and_gate/and_gate_Implmnt/sbt/outputs/timer/And_Gate_Project_timing.rpt" --device-file "/home/george/lscc/iCEcube2.2020.12/sbt_backend/devices/ICE40P01.dev" --timing-summary
starting timerExecuting : /home/george/lscc/iCEcube2.2020.12/sbt_backend/bin/linux/opt/sbtimer --des-lib /home/george/Documents/nandland/and_gate/and_gate_Implmnt/sbt/netlist/oadb-And_Gate_Project --lib-file /home/george/lscc/iCEcube2.2020.12/sbt_backend/devices/ice40HX1K.lib --sdc-file /home/george/Documents/nandland/and_gate/and_gate_Implmnt/sbt/outputs/netlister/And_Gate_Project_sbt.sdc --sdf-file /home/george/Documents/nandland/and_gate/and_gate_Implmnt/sbt/outputs/simulation_netlist/And_Gate_Project_sbt.sdf --report-file /home/george/Documents/nandland/and_gate/and_gate_Implmnt/sbt/outputs/timer/And_Gate_Project_timing.rpt --device-file /home/george/lscc/iCEcube2.2020.12/sbt_backend/devices/ICE40P01.dev --timing-summary
Lattice Semiconductor Corporation  Timer
Release:        2020.12.27943
Build Date:     Dec 10 2020 17:29:54

running timerTimer run-time: 0 seconds
timer succeed.
timer succeeded.


"/home/george/lscc/iCEcube2.2020.12/sbt_backend/bin/linux/opt/bitmap" "/home/george/lscc/iCEcube2.2020.12/sbt_backend/devices/ICE40P01.dev" --design "/home/george/Documents/nandland/and_gate/and_gate_Implmnt/sbt/netlist/oadb-And_Gate_Project" --device_name iCE40HX1K --package VQ100 --outdir "/home/george/Documents/nandland/and_gate/and_gate_Implmnt/sbt/outputs/bitmap" --low_power on --init_ram on --init_ram_bank 1111 --frequency low --warm_boot on
starting bitmapLattice Semiconductor Corporation  Bit Stream Generator
Release:        2020.12.27943
Build Date:     Dec 10 2020 17:45:52

running bitmapBit Stream File Size: 257720 (251K 696 Bits)
Bit Stream Generator succeeded

Bitmap run-time: 0 (sec)
bitmap succeed.
